<?xml version="1.0" encoding="UTF-8"?>
<!-- Generated by org.testng.reporters.JUnitReportReporter -->
<testsuite hostname="DESKTOP-K1OQI5P" failures="0" tests="1" name="appiumcourse.AppiumBasicsnew" time="16.487" errors="0" timestamp="2022-11-28T12:10:52 GST" skipped="0">
  <testcase classname="appiumcourse.AppiumBasicsnew" name="Check" time="16.487"/>
  <system-out/>
</testsuite> <!-- appiumcourse.AppiumBasicsnew -->
