<?xml version="1.0" encoding="UTF-8"?>
<!-- Generated by org.testng.reporters.JUnitReportReporter -->
<testsuite hostname="DESKTOP-K1OQI5P" failures="0" tests="1" name="appiumcourse.AppiumBasicsnew" time="25.961" errors="0" timestamp="2022-10-31T19:00:25 GST" skipped="0">
  <testcase classname="appiumcourse.AppiumBasicsnew" name="Check" time="25.961"/>
  <system-out/>
</testsuite> <!-- appiumcourse.AppiumBasicsnew -->
