<?xml version="1.0" encoding="UTF-8"?>
<!-- Generated by org.testng.reporters.JUnitReportReporter -->
<testsuite hostname="DESKTOP-K1OQI5P" failures="0" tests="1" name="appiumcourse.GeneralStore" time="22.229" errors="0" timestamp="2022-10-31T20:53:53 GST" skipped="0">
  <testcase classname="appiumcourse.GeneralStore" name="checkCountry" time="22.229"/>
  <system-out/>
</testsuite> <!-- appiumcourse.GeneralStore -->
