<?xml version="1.0" encoding="UTF-8"?>
<!-- Generated by org.testng.reporters.JUnitReportReporter -->
<testsuite skipped="0" hostname="DESKTOP-K1OQI5P" name="appiumcourse.AppiumBasicsnew" tests="1" failures="0" timestamp="2022-11-28T12:41:54 GST" time="17.950" errors="0">
  <testcase name="Check" time="17.950" classname="appiumcourse.AppiumBasicsnew"/>
  <system-out/>
</testsuite> <!-- appiumcourse.AppiumBasicsnew -->
